INFO: [VRFC 10-2263] Analyzing SystemVerilog file "C:/Users/cncai/Desktop/EMSE/AMD/Final_Files/IA_IP/IA_IP.srcs/sources_1/new/dense_mac1_generic.sv" into library xil_defaultlib
INFO: [VRFC 10-311] analyzing module dense_mac1_generic
WARNING: [VRFC 10-1103] net type must be explicitly specified for 'clk_i' when default_nettype is none [C:/Users/cncai/Desktop/EMSE/AMD/Final_Files/IA_IP/IA_IP.srcs/sources_1/new/dense_mac1_generic.sv:14]
WARNING: [VRFC 10-1103] net type must be explicitly specified for 'rst_i' when default_nettype is none [C:/Users/cncai/Desktop/EMSE/AMD/Final_Files/IA_IP/IA_IP.srcs/sources_1/new/dense_mac1_generic.sv:15]
WARNING: [VRFC 10-1103] net type must be explicitly specified for 'start_i' when default_nettype is none [C:/Users/cncai/Desktop/EMSE/AMD/Final_Files/IA_IP/IA_IP.srcs/sources_1/new/dense_mac1_generic.sv:18]
WARNING: [VRFC 10-1103] net type must be explicitly specified for 'in_valid_i' when default_nettype is none [C:/Users/cncai/Desktop/EMSE/AMD/Final_Files/IA_IP/IA_IP.srcs/sources_1/new/dense_mac1_generic.sv:23]
WARNING: [VRFC 10-1103] net type must be explicitly specified for 'in_data_s8_i' when default_nettype is none [C:/Users/cncai/Desktop/EMSE/AMD/Final_Files/IA_IP/IA_IP.srcs/sources_1/new/dense_mac1_generic.sv:25]
INFO: [VRFC 10-2263] Analyzing SystemVerilog file "C:/Users/cncai/Desktop/EMSE/AMD/Final_Files/IA_IP/IA_IP.srcs/sources_1/new/dense_stage1.sv" into library xil_defaultlib
INFO: [VRFC 10-311] analyzing module dense_stage1
WARNING: [VRFC 10-1103] net type must be explicitly specified for 'clk_i' when default_nettype is none [C:/Users/cncai/Desktop/EMSE/AMD/Final_Files/IA_IP/IA_IP.srcs/sources_1/new/dense_stage1.sv:10]
WARNING: [VRFC 10-1103] net type must be explicitly specified for 'rst_i' when default_nettype is none [C:/Users/cncai/Desktop/EMSE/AMD/Final_Files/IA_IP/IA_IP.srcs/sources_1/new/dense_stage1.sv:11]
WARNING: [VRFC 10-1103] net type must be explicitly specified for 'start_i' when default_nettype is none [C:/Users/cncai/Desktop/EMSE/AMD/Final_Files/IA_IP/IA_IP.srcs/sources_1/new/dense_stage1.sv:12]
WARNING: [VRFC 10-1103] net type must be explicitly specified for 'in_valid_i' when default_nettype is none [C:/Users/cncai/Desktop/EMSE/AMD/Final_Files/IA_IP/IA_IP.srcs/sources_1/new/dense_stage1.sv:17]
WARNING: [VRFC 10-1103] net type must be explicitly specified for 'in_data_s8_i' when default_nettype is none [C:/Users/cncai/Desktop/EMSE/AMD/Final_Files/IA_IP/IA_IP.srcs/sources_1/new/dense_stage1.sv:19]
INFO: [VRFC 10-2263] Analyzing SystemVerilog file "C:/Users/cncai/Desktop/EMSE/AMD/Final_Files/IA_IP/IA_IP.srcs/sources_1/new/dense_stage2.sv" into library xil_defaultlib
INFO: [VRFC 10-311] analyzing module dense_stage2
WARNING: [VRFC 10-1103] net type must be explicitly specified for 'clk_i' when default_nettype is none [C:/Users/cncai/Desktop/EMSE/AMD/Final_Files/IA_IP/IA_IP.srcs/sources_1/new/dense_stage2.sv:10]
WARNING: [VRFC 10-1103] net type must be explicitly specified for 'rst_i' when default_nettype is none [C:/Users/cncai/Desktop/EMSE/AMD/Final_Files/IA_IP/IA_IP.srcs/sources_1/new/dense_stage2.sv:11]
WARNING: [VRFC 10-1103] net type must be explicitly specified for 'start_i' when default_nettype is none [C:/Users/cncai/Desktop/EMSE/AMD/Final_Files/IA_IP/IA_IP.srcs/sources_1/new/dense_stage2.sv:12]
WARNING: [VRFC 10-1103] net type must be explicitly specified for 'in_valid_i' when default_nettype is none [C:/Users/cncai/Desktop/EMSE/AMD/Final_Files/IA_IP/IA_IP.srcs/sources_1/new/dense_stage2.sv:17]
WARNING: [VRFC 10-1103] net type must be explicitly specified for 'in_data_s16_i' when default_nettype is none [C:/Users/cncai/Desktop/EMSE/AMD/Final_Files/IA_IP/IA_IP.srcs/sources_1/new/dense_stage2.sv:19]
INFO: [VRFC 10-2263] Analyzing SystemVerilog file "C:/Users/cncai/Desktop/EMSE/AMD/Final_Files/IA_IP/IA_IP.srcs/sources_1/new/dense_stage3.sv" into library xil_defaultlib
INFO: [VRFC 10-311] analyzing module dense_stage3
WARNING: [VRFC 10-1103] net type must be explicitly specified for 'clk_i' when default_nettype is none [C:/Users/cncai/Desktop/EMSE/AMD/Final_Files/IA_IP/IA_IP.srcs/sources_1/new/dense_stage3.sv:10]
WARNING: [VRFC 10-1103] net type must be explicitly specified for 'rst_i' when default_nettype is none [C:/Users/cncai/Desktop/EMSE/AMD/Final_Files/IA_IP/IA_IP.srcs/sources_1/new/dense_stage3.sv:11]
WARNING: [VRFC 10-1103] net type must be explicitly specified for 'start_i' when default_nettype is none [C:/Users/cncai/Desktop/EMSE/AMD/Final_Files/IA_IP/IA_IP.srcs/sources_1/new/dense_stage3.sv:12]
WARNING: [VRFC 10-1103] net type must be explicitly specified for 'in_valid_i' when default_nettype is none [C:/Users/cncai/Desktop/EMSE/AMD/Final_Files/IA_IP/IA_IP.srcs/sources_1/new/dense_stage3.sv:17]
WARNING: [VRFC 10-1103] net type must be explicitly specified for 'in_data_s16_i' when default_nettype is none [C:/Users/cncai/Desktop/EMSE/AMD/Final_Files/IA_IP/IA_IP.srcs/sources_1/new/dense_stage3.sv:19]
INFO: [VRFC 10-2263] Analyzing SystemVerilog file "C:/Users/cncai/Desktop/EMSE/AMD/Final_Files/IA_IP/IA_IP.srcs/sources_1/new/mlp_pipeline_top.sv" into library xil_defaultlib
INFO: [VRFC 10-311] analyzing module mlp_pipeline_top
WARNING: [VRFC 10-1103] net type must be explicitly specified for 'clk_i' when default_nettype is none [C:/Users/cncai/Desktop/EMSE/AMD/Final_Files/IA_IP/IA_IP.srcs/sources_1/new/mlp_pipeline_top.sv:14]
WARNING: [VRFC 10-1103] net type must be explicitly specified for 'rst_i' when default_nettype is none [C:/Users/cncai/Desktop/EMSE/AMD/Final_Files/IA_IP/IA_IP.srcs/sources_1/new/mlp_pipeline_top.sv:15]
WARNING: [VRFC 10-1103] net type must be explicitly specified for 'start_i' when default_nettype is none [C:/Users/cncai/Desktop/EMSE/AMD/Final_Files/IA_IP/IA_IP.srcs/sources_1/new/mlp_pipeline_top.sv:18]
WARNING: [VRFC 10-1103] net type must be explicitly specified for 'in_valid_i' when default_nettype is none [C:/Users/cncai/Desktop/EMSE/AMD/Final_Files/IA_IP/IA_IP.srcs/sources_1/new/mlp_pipeline_top.sv:23]
WARNING: [VRFC 10-1103] net type must be explicitly specified for 'in_data_u8_i' when default_nettype is none [C:/Users/cncai/Desktop/EMSE/AMD/Final_Files/IA_IP/IA_IP.srcs/sources_1/new/mlp_pipeline_top.sv:25]
INFO: [VRFC 10-2263] Analyzing SystemVerilog file "C:/Users/cncai/Desktop/EMSE/AMD/Final_Files/IA_IP/IA_IP.srcs/sources_1/new/pre_block_u8_to_s8.sv" into library xil_defaultlib
INFO: [VRFC 10-311] analyzing module pre_block_u8_to_s8
WARNING: [VRFC 10-1103] net type must be explicitly specified for 'clk_i' when default_nettype is none [C:/Users/cncai/Desktop/EMSE/AMD/Final_Files/IA_IP/IA_IP.srcs/sources_1/new/pre_block_u8_to_s8.sv:8]
WARNING: [VRFC 10-1103] net type must be explicitly specified for 'rst_i' when default_nettype is none [C:/Users/cncai/Desktop/EMSE/AMD/Final_Files/IA_IP/IA_IP.srcs/sources_1/new/pre_block_u8_to_s8.sv:9]
WARNING: [VRFC 10-1103] net type must be explicitly specified for 'in_valid_i' when default_nettype is none [C:/Users/cncai/Desktop/EMSE/AMD/Final_Files/IA_IP/IA_IP.srcs/sources_1/new/pre_block_u8_to_s8.sv:12]
WARNING: [VRFC 10-1103] net type must be explicitly specified for 'in_data_u8_i' when default_nettype is none [C:/Users/cncai/Desktop/EMSE/AMD/Final_Files/IA_IP/IA_IP.srcs/sources_1/new/pre_block_u8_to_s8.sv:14]
WARNING: [VRFC 10-1103] net type must be explicitly specified for 'out_ready_i' when default_nettype is none [C:/Users/cncai/Desktop/EMSE/AMD/Final_Files/IA_IP/IA_IP.srcs/sources_1/new/pre_block_u8_to_s8.sv:18]
INFO: [VRFC 10-2263] Analyzing SystemVerilog file "C:/Users/cncai/Desktop/EMSE/AMD/Final_Files/IA_IP/IA_IP.srcs/sim_1/new/tb_mlp_pipeline_top.sv" into library xil_defaultlib
INFO: [VRFC 10-311] analyzing module tb_mlp_pipeline_top
