Copyright 1986-2022 Xilinx, Inc. All Rights Reserved. Copyright 2022-2024 Advanced Micro Devices, Inc. All Rights Reserved.
---------------------------------------------------------------------------------------------------------------------------------------------
| Tool Version : Vivado v.2024.2 (win64) Build 5239630 Fri Nov 08 22:35:27 MST 2024
| Date         : Thu Aug 21 20:53:00 2025
| Host         : LAPTOP-TDIUQR79 running 64-bit major release  (build 9200)
| Command      : report_control_sets -verbose -file SABER_wrapper_control_sets_placed.rpt
| Design       : SABER_wrapper
| Device       : xc7z020
---------------------------------------------------------------------------------------------------------------------------------------------

Control Set Information

Table of Contents
-----------------
1. Summary
2. Histogram
3. Flip-Flop Distribution
4. Detailed Control Set Information

1. Summary
----------

+----------------------------------------------------------+-------+
|                          Status                          | Count |
+----------------------------------------------------------+-------+
| Total control sets                                       |   122 |
|    Minimum number of control sets                        |   122 |
|    Addition due to synthesis replication                 |     0 |
|    Addition due to physical synthesis replication        |     0 |
| Unused register locations in slices containing registers |   459 |
+----------------------------------------------------------+-------+
* Control sets can be merged at opt_design using control_set_merge or merge_equivalent_drivers
** Run report_qor_suggestions for automated merging and remapping suggestions


2. Histogram
------------

+--------------------+-------+
|       Fanout       | Count |
+--------------------+-------+
| Total control sets |   122 |
| >= 0 to < 4        |    49 |
| >= 4 to < 6        |     8 |
| >= 6 to < 8        |     4 |
| >= 8 to < 10       |    11 |
| >= 10 to < 12      |     1 |
| >= 12 to < 14      |     4 |
| >= 14 to < 16      |     0 |
| >= 16              |    45 |
+--------------------+-------+
* Control sets can be remapped at either synth_design or opt_design


3. Flip-Flop Distribution
-------------------------

+--------------+-----------------------+------------------------+-----------------+--------------+
| Clock Enable | Synchronous Set/Reset | Asynchronous Set/Reset | Total Registers | Total Slices |
+--------------+-----------------------+------------------------+-----------------+--------------+
| No           | No                    | No                     |             143 |           52 |
| No           | No                    | Yes                    |             149 |           48 |
| No           | Yes                   | No                     |             123 |           64 |
| Yes          | No                    | No                     |             185 |           45 |
| Yes          | No                    | Yes                    |            2646 |          797 |
| Yes          | Yes                   | No                     |            1927 |          436 |
+--------------+-----------------------+------------------------+-----------------+--------------+


4. Detailed Control Set Information
-----------------------------------

+----------------------------------------------+----------------------------------------------------------------------------------------------------------------------------------------------------------------------------+-------------------------------------------------------------------------------------------------------------------+------------------+----------------+--------------+
|                 Clock Signal                 |                                                                                Enable Signal                                                                               |                                                  Set/Reset Signal                                                 | Slice Load Count | Bel Load Count | Bels / Slice |
+----------------------------------------------+----------------------------------------------------------------------------------------------------------------------------------------------------------------------------+-------------------------------------------------------------------------------------------------------------------+------------------+----------------+--------------+
|  SABER_i/processing_system7_0/inst/FCLK_CLK0 |                                                                                                                                                                            | SABER_i/axi_smc/inst/s00_nodes/s00_w_node/inst/s_sc_areset_pipe                                                   |                1 |              1 |         1.00 |
|  SABER_i/processing_system7_0/inst/FCLK_CLK0 |                                                                                                                                                                            | SABER_i/axi_smc/inst/m00_nodes/m00_b_node/inst/s_sc_areset_pipe                                                   |                1 |              1 |         1.00 |
|  SABER_i/processing_system7_0/inst/FCLK_CLK0 |                                                                                                                                                                            | SABER_i/axi_smc/inst/s00_nodes/s00_aw_node/inst/s_sc_areset_pipe                                                  |                1 |              1 |         1.00 |
|  SABER_i/processing_system7_0/inst/FCLK_CLK0 |                                                                                                                                                                            | SABER_i/axi_smc/inst/m00_nodes/m00_r_node/inst/s_sc_areset_pipe                                                   |                1 |              1 |         1.00 |
|  SABER_i/processing_system7_0/inst/FCLK_CLK0 |                                                                                                                                                                            | SABER_i/axi_smc/inst/s00_nodes/s00_r_node/inst/s_sc_areset_pipe                                                   |                1 |              1 |         1.00 |
|  SABER_i/processing_system7_0/inst/FCLK_CLK0 |                                                                                                                                                                            | SABER_i/axi_smc/inst/m01_nodes/m01_b_node/inst/s_sc_areset_pipe                                                   |                1 |              1 |         1.00 |
|  SABER_i/processing_system7_0/inst/FCLK_CLK0 |                                                                                                                                                                            | SABER_i/axi_smc/inst/m00_nodes/m00_w_node/inst/s_sc_areset_pipe                                                   |                1 |              1 |         1.00 |
|  SABER_i/processing_system7_0/inst/FCLK_CLK0 |                                                                                                                                                                            | SABER_i/axi_smc/inst/s00_nodes/s00_b_node/inst/s_sc_areset_pipe                                                   |                1 |              1 |         1.00 |
|  SABER_i/processing_system7_0/inst/FCLK_CLK0 |                                                                                                                                                                            | SABER_i/axi_smc/inst/m00_nodes/m00_ar_node/inst/s_sc_areset_pipe                                                  |                1 |              1 |         1.00 |
|  SABER_i/processing_system7_0/inst/FCLK_CLK0 |                                                                                                                                                                            | SABER_i/axi_smc/inst/m01_nodes/m01_r_node/inst/s_sc_areset_pipe                                                   |                1 |              1 |         1.00 |
|  SABER_i/processing_system7_0/inst/FCLK_CLK0 |                                                                                                                                                                            | SABER_i/axi_smc/inst/m00_nodes/m00_aw_node/inst/s_sc_areset_pipe                                                  |                1 |              1 |         1.00 |
|  SABER_i/processing_system7_0/inst/FCLK_CLK0 |                                                                                                                                                                            | SABER_i/axi_smc/inst/m01_nodes/m01_aw_node/inst/s_sc_areset_pipe                                                  |                1 |              1 |         1.00 |
|  SABER_i/processing_system7_0/inst/FCLK_CLK0 |                                                                                                                                                                            | SABER_i/axi_smc/inst/switchboards/i_nodes/i_ar_node/inst/s_sc_areset_pipe                                         |                1 |              1 |         1.00 |
|  SABER_i/processing_system7_0/inst/FCLK_CLK0 |                                                                                                                                                                            | SABER_i/axi_smc/inst/m01_nodes/m01_w_node/inst/s_sc_areset_pipe                                                   |                1 |              1 |         1.00 |
|  SABER_i/processing_system7_0/inst/FCLK_CLK0 |                                                                                                                                                                            | SABER_i/axi_smc/inst/s00_nodes/s00_ar_node/inst/s_sc_areset_pipe                                                  |                1 |              1 |         1.00 |
|  SABER_i/processing_system7_0/inst/FCLK_CLK0 |                                                                                                                                                                            | SABER_i/axi_smc/inst/m01_nodes/m01_ar_node/inst/s_sc_areset_pipe                                                  |                1 |              1 |         1.00 |
|  SABER_i/processing_system7_0/inst/FCLK_CLK0 |                                                                                                                                                                            | SABER_i/axi_smc/inst/switchboards/i_nodes/i_w_node/inst/s_sc_areset_pipe                                          |                1 |              1 |         1.00 |
|  SABER_i/processing_system7_0/inst/FCLK_CLK0 |                                                                                                                                                                            | SABER_i/axi_smc/inst/switchboards/i_nodes/i_b_node/inst/s_sc_areset_pipe                                          |                1 |              1 |         1.00 |
|  SABER_i/processing_system7_0/inst/FCLK_CLK0 |                                                                                                                                                                            | SABER_i/axi_smc/inst/switchboards/i_nodes/i_r_node/inst/s_sc_areset_pipe                                          |                1 |              1 |         1.00 |
|  SABER_i/processing_system7_0/inst/FCLK_CLK0 |                                                                                                                                                                            | SABER_i/axi_smc/inst/switchboards/i_nodes/i_aw_node/inst/s_sc_areset_pipe                                         |                1 |              1 |         1.00 |
|  SABER_i/processing_system7_0/inst/FCLK_CLK0 |                                                                                                                                                                            | SABER_i/encryptor_system_0/inst/fsm_SABER_0/AR[0]                                                                 |                1 |              1 |         1.00 |
|  SABER_i/processing_system7_0/inst/FCLK_CLK0 |                                                                                                                                                                            | SABER_i/encryptor_system_0/inst/fsm_SABER_0/reset_i_0                                                             |                2 |              2 |         1.00 |
|  SABER_i/processing_system7_0/inst/FCLK_CLK0 | SABER_i/encryptor_system_0/inst/cipher_reg_0/words[50][29]_i_1_n_0                                                                                                         | SABER_i/encryptor_system_0/inst/fsm_SABER_0/reset_i_0                                                             |                2 |              2 |         1.00 |
|  SABER_i/processing_system7_0/inst/FCLK_CLK0 |                                                                                                                                                                            | SABER_i/axi_smc/inst/m00_nodes/m00_r_node/inst/s_sc_xpm_cdc_async_rst_inst/reset_pol                              |                1 |              3 |         3.00 |
|  SABER_i/processing_system7_0/inst/FCLK_CLK0 |                                                                                                                                                                            | SABER_i/axi_smc/inst/m00_nodes/m00_w_node/inst/s_sc_xpm_cdc_async_rst_inst/reset_pol                              |                1 |              3 |         3.00 |
|  SABER_i/processing_system7_0/inst/FCLK_CLK0 |                                                                                                                                                                            | SABER_i/axi_smc/inst/m00_nodes/m00_ar_node/inst/s_sc_xpm_cdc_async_rst_inst/reset_pol                             |                1 |              3 |         3.00 |
|  SABER_i/processing_system7_0/inst/FCLK_CLK0 |                                                                                                                                                                            | SABER_i/axi_smc/inst/m00_nodes/m00_aw_node/inst/s_sc_xpm_cdc_async_rst_inst/reset_pol                             |                1 |              3 |         3.00 |
|  SABER_i/processing_system7_0/inst/FCLK_CLK0 |                                                                                                                                                                            | SABER_i/axi_smc/inst/m01_nodes/m01_aw_node/inst/s_sc_xpm_cdc_async_rst_inst/reset_pol                             |                1 |              3 |         3.00 |
|  SABER_i/processing_system7_0/inst/FCLK_CLK0 |                                                                                                                                                                            | SABER_i/axi_smc/inst/m01_nodes/m01_b_node/inst/s_sc_xpm_cdc_async_rst_inst/reset_pol                              |                1 |              3 |         3.00 |
|  SABER_i/processing_system7_0/inst/FCLK_CLK0 |                                                                                                                                                                            | SABER_i/axi_smc/inst/m01_exit_pipeline/m01_exit/inst/xpm_cdc_async_rst_inst/reset_pol                             |                1 |              3 |         3.00 |
|  SABER_i/processing_system7_0/inst/FCLK_CLK0 |                                                                                                                                                                            | SABER_i/axi_smc/inst/m00_exit_pipeline/m00_exit/inst/xpm_cdc_async_rst_inst/reset_pol                             |                1 |              3 |         3.00 |
|  SABER_i/processing_system7_0/inst/FCLK_CLK0 |                                                                                                                                                                            | SABER_i/axi_smc/inst/s00_entry_pipeline/s00_mmu/inst/xpm_cdc_async_rst_inst/reset_pol                             |                1 |              3 |         3.00 |
|  SABER_i/processing_system7_0/inst/FCLK_CLK0 |                                                                                                                                                                            | SABER_i/axi_smc/inst/m01_nodes/m01_r_node/inst/s_sc_xpm_cdc_async_rst_inst/reset_pol                              |                1 |              3 |         3.00 |
|  SABER_i/processing_system7_0/inst/FCLK_CLK0 |                                                                                                                                                                            | SABER_i/axi_smc/inst/m01_nodes/m01_w_node/inst/s_sc_xpm_cdc_async_rst_inst/reset_pol                              |                1 |              3 |         3.00 |
|  SABER_i/processing_system7_0/inst/FCLK_CLK0 |                                                                                                                                                                            | SABER_i/axi_smc/inst/s00_entry_pipeline/s00_si_converter/inst/xpm_cdc_async_rst_inst/reset_pol                    |                1 |              3 |         3.00 |
|  SABER_i/processing_system7_0/inst/FCLK_CLK0 |                                                                                                                                                                            | SABER_i/axi_smc/inst/s00_entry_pipeline/s00_transaction_regulator/inst/xpm_cdc_async_rst_inst/reset_pol           |                1 |              3 |         3.00 |
|  SABER_i/processing_system7_0/inst/FCLK_CLK0 |                                                                                                                                                                            | SABER_i/axi_smc/inst/s00_nodes/s00_ar_node/inst/s_sc_xpm_cdc_async_rst_inst/reset_pol                             |                1 |              3 |         3.00 |
|  SABER_i/processing_system7_0/inst/FCLK_CLK0 |                                                                                                                                                                            | SABER_i/axi_smc/inst/s00_nodes/s00_aw_node/inst/s_sc_xpm_cdc_async_rst_inst/reset_pol                             |                1 |              3 |         3.00 |
|  SABER_i/processing_system7_0/inst/FCLK_CLK0 |                                                                                                                                                                            | SABER_i/axi_smc/inst/s00_nodes/s00_b_node/inst/s_sc_xpm_cdc_async_rst_inst/reset_pol                              |                1 |              3 |         3.00 |
|  SABER_i/processing_system7_0/inst/FCLK_CLK0 |                                                                                                                                                                            | SABER_i/axi_smc/inst/s00_nodes/s00_r_node/inst/s_sc_xpm_cdc_async_rst_inst/reset_pol                              |                1 |              3 |         3.00 |
|  SABER_i/processing_system7_0/inst/FCLK_CLK0 |                                                                                                                                                                            | SABER_i/axi_smc/inst/s00_nodes/s00_w_node/inst/s_sc_xpm_cdc_async_rst_inst/reset_pol                              |                1 |              3 |         3.00 |
|  SABER_i/processing_system7_0/inst/FCLK_CLK0 |                                                                                                                                                                            | SABER_i/axi_smc/inst/switchboards/i_nodes/i_ar_node/inst/s_sc_xpm_cdc_async_rst_inst/reset_pol                    |                1 |              3 |         3.00 |
|  SABER_i/processing_system7_0/inst/FCLK_CLK0 |                                                                                                                                                                            | SABER_i/axi_smc/inst/switchboards/i_nodes/i_aw_node/inst/s_sc_xpm_cdc_async_rst_inst/reset_pol                    |                1 |              3 |         3.00 |
|  SABER_i/processing_system7_0/inst/FCLK_CLK0 |                                                                                                                                                                            | SABER_i/axi_smc/inst/switchboards/i_nodes/i_b_node/inst/s_sc_xpm_cdc_async_rst_inst/reset_pol                     |                1 |              3 |         3.00 |
|  SABER_i/processing_system7_0/inst/FCLK_CLK0 |                                                                                                                                                                            | SABER_i/axi_smc/inst/switchboards/i_nodes/i_r_node/inst/s_sc_xpm_cdc_async_rst_inst/reset_pol                     |                1 |              3 |         3.00 |
|  SABER_i/processing_system7_0/inst/FCLK_CLK0 |                                                                                                                                                                            | SABER_i/axi_smc/inst/switchboards/i_nodes/i_w_node/inst/s_sc_xpm_cdc_async_rst_inst/reset_pol                     |                1 |              3 |         3.00 |
|  SABER_i/processing_system7_0/inst/FCLK_CLK0 |                                                                                                                                                                            | SABER_i/axi_smc/inst/m01_nodes/m01_ar_node/inst/s_sc_xpm_cdc_async_rst_inst/reset_pol                             |                1 |              3 |         3.00 |
|  SABER_i/processing_system7_0/inst/FCLK_CLK0 | SABER_i/axi_smc/inst/switchboards/i_nodes/i_w_node/inst/inst_mi_handler/gen_normal_area.inst_fifo_node_payld/gen_reg_fifo.inst_reg_fifo/gen_single_rank.data[54]_i_1_n_0   |                                                                                                                   |                1 |              3 |         3.00 |
|  SABER_i/processing_system7_0/inst/FCLK_CLK0 |                                                                                                                                                                            | SABER_i/axi_smc/inst/m00_nodes/m00_b_node/inst/s_sc_xpm_cdc_async_rst_inst/reset_pol                              |                1 |              3 |         3.00 |
|  SABER_i/processing_system7_0/inst/FCLK_CLK0 |                                                                                                                                                                            | SABER_i/axi_smc/inst/clk_map/psr_aclk/U0/EXT_LPF/lpf_int                                                          |                1 |              4 |         4.00 |
|  SABER_i/processing_system7_0/inst/FCLK_CLK0 |                                                                                                                                                                            | SABER_i/axi_gpio_0/U0/AXI_LITE_IPIF_I/I_SLAVE_ATTACHMENT/clear                                                    |                1 |              4 |         4.00 |
|  SABER_i/processing_system7_0/inst/FCLK_CLK0 |                                                                                                                                                                            | SABER_i/proc_sys_reset_0/U0/EXT_LPF/lpf_int                                                                       |                2 |              4 |         2.00 |
|  SABER_i/processing_system7_0/inst/FCLK_CLK0 | SABER_i/axi_gpio_0/U0/AXI_LITE_IPIF_I/I_SLAVE_ATTACHMENT/start2                                                                                                            | SABER_i/axi_gpio_0/U0/AXI_LITE_IPIF_I/I_SLAVE_ATTACHMENT/I_DECODER/cs_ce_clr                                      |                1 |              4 |         4.00 |
|  SABER_i/processing_system7_0/inst/FCLK_CLK0 | SABER_i/axi_gpio_0/U0/AXI_LITE_IPIF_I/I_SLAVE_ATTACHMENT/bus2ip_addr_i[8]_i_1_n_0                                                                                          | SABER_i/axi_gpio_0/U0/AXI_LITE_IPIF_I/I_SLAVE_ATTACHMENT/SS[0]                                                    |                1 |              4 |         4.00 |
|  SABER_i/processing_system7_0/inst/FCLK_CLK0 | SABER_i/encryptor_system_0/inst/ascon_0/U0/FSM_onehot_Ep_reg[25]_1[0]                                                                                                      | SABER_i/axi_gpio_0/U0/gpio_core_1/gpio2_io_o[0]                                                                   |                2 |              4 |         2.00 |
|  SABER_i/processing_system7_0/inst/FCLK_CLK0 | SABER_i/encryptor_system_0/inst/cipher_reg_0/cipher_cnt                                                                                                                    | SABER_i/encryptor_system_0/inst/fsm_SABER_0/reset_i_0                                                             |                1 |              5 |         5.00 |
|  SABER_i/processing_system7_0/inst/FCLK_CLK0 | SABER_i/encryptor_system_0/inst/drive_ascon_0/counter[4]_i_1__0_n_0                                                                                                        | SABER_i/axi_gpio_0/U0/gpio_core_1/gpio2_io_o[0]                                                                   |                2 |              5 |         2.50 |
|  SABER_i/processing_system7_0/inst/FCLK_CLK0 | SABER_i/axi_smc/inst/clk_map/psr_aclk/U0/SEQ/seq_cnt_en                                                                                                                    | SABER_i/axi_smc/inst/clk_map/psr_aclk/U0/SEQ/SEQ_COUNTER/clear                                                    |                1 |              6 |         6.00 |
|  SABER_i/processing_system7_0/inst/FCLK_CLK0 | SABER_i/wifi_pack_reg_0/inst/aw_hs                                                                                                                                         | SABER_i/wifi_pack_reg_0/inst/S00_AXI_i/p_0_in                                                                     |                1 |              6 |         6.00 |
|  SABER_i/processing_system7_0/inst/FCLK_CLK0 | SABER_i/proc_sys_reset_0/U0/SEQ/seq_cnt_en                                                                                                                                 | SABER_i/proc_sys_reset_0/U0/SEQ/SEQ_COUNTER/clear                                                                 |                1 |              6 |         6.00 |
|  SABER_i/processing_system7_0/inst/FCLK_CLK0 | SABER_i/axi_smc/inst/s00_entry_pipeline/s00_si_converter/inst/gen_axilite_conv.axilite_conv_inst/ar_addr_d[8]_i_1_n_0                                                      | SABER_i/axi_smc/inst/s00_entry_pipeline/s00_si_converter/inst/areset                                              |                2 |              7 |         3.50 |
|  SABER_i/processing_system7_0/inst/FCLK_CLK0 |                                                                                                                                                                            | SABER_i/axi_smc/inst/switchboards/i_nodes/i_r_node/inst/inst_si_handler/areset_r                                  |                2 |              8 |         4.00 |
|  SABER_i/processing_system7_0/inst/FCLK_CLK0 | SABER_i/axi_smc/inst/s00_entry_pipeline/s00_mmu/inst/gen_endpoint.decerr_slave_inst/gen_axi.gen_read.read_cnt[7]_i_1_n_0                                                   | SABER_i/axi_smc/inst/s00_entry_pipeline/s00_mmu/inst/areset                                                       |                2 |              8 |         4.00 |
|  SABER_i/processing_system7_0/inst/FCLK_CLK0 |                                                                                                                                                                            | SABER_i/axi_smc/inst/switchboards/i_nodes/i_b_node/inst/inst_si_handler/areset_r                                  |                3 |              8 |         2.67 |
|  SABER_i/processing_system7_0/inst/FCLK_CLK0 | SABER_i/axi_smc/inst/s00_entry_pipeline/s00_si_converter/inst/gen_axilite_conv.axilite_conv_inst/r_beats[7]_i_1_n_0                                                        | SABER_i/axi_smc/inst/s00_entry_pipeline/s00_si_converter/inst/areset                                              |                3 |              8 |         2.67 |
|  SABER_i/processing_system7_0/inst/FCLK_CLK0 |                                                                                                                                                                            | SABER_i/wifi_pack_reg_0/inst/S00_AXI_i/p_0_in                                                                     |                7 |              9 |         1.29 |
|  SABER_i/processing_system7_0/inst/FCLK_CLK0 | SABER_i/axi_smc/inst/s00_entry_pipeline/s00_si_converter/inst/gen_axilite_conv.axilite_conv_inst/b_cnt                                                                     | SABER_i/axi_smc/inst/s00_entry_pipeline/s00_si_converter/inst/gen_axilite_conv.axilite_conv_inst/b_cnt[8]_i_1_n_0 |                2 |              9 |         4.50 |
|  SABER_i/processing_system7_0/inst/FCLK_CLK0 | SABER_i/axi_smc/inst/s00_entry_pipeline/s00_si_converter/inst/gen_axilite_conv.axilite_conv_inst/aw_addr[8]_i_1_n_0                                                        | SABER_i/axi_smc/inst/s00_entry_pipeline/s00_si_converter/inst/areset                                              |                3 |              9 |         3.00 |
|  SABER_i/processing_system7_0/inst/FCLK_CLK0 | SABER_i/axi_smc/inst/s00_entry_pipeline/s00_si_converter/inst/gen_axilite_conv.axilite_conv_inst/ar_cnt[8]_i_1_n_0                                                         | SABER_i/axi_smc/inst/s00_entry_pipeline/s00_si_converter/inst/areset                                              |                3 |              9 |         3.00 |
|  SABER_i/processing_system7_0/inst/FCLK_CLK0 | SABER_i/axi_smc/inst/s00_entry_pipeline/s00_si_converter/inst/gen_axilite_conv.axilite_conv_inst/w_cnt[8]_i_1_n_0                                                          | SABER_i/axi_smc/inst/s00_entry_pipeline/s00_si_converter/inst/areset                                              |                3 |              9 |         3.00 |
|  SABER_i/processing_system7_0/inst/FCLK_CLK0 | SABER_i/axi_smc/inst/switchboards/i_nodes/i_aw_node/inst/inst_mi_handler/gen_normal_area.inst_fifo_node_payld/gen_reg_fifo.inst_reg_fifo/gen_single_rank.data[132]_i_1_n_0 |                                                                                                                   |                2 |              9 |         4.50 |
|  SABER_i/processing_system7_0/inst/FCLK_CLK0 | SABER_i/axi_smc/inst/switchboards/i_nodes/i_ar_node/inst/inst_mi_handler/gen_normal_area.inst_fifo_node_payld/gen_reg_fifo.inst_reg_fifo/gen_single_rank.data[132]_i_1_n_0 |                                                                                                                   |                2 |              9 |         4.50 |
|  SABER_i/processing_system7_0/inst/FCLK_CLK0 | SABER_i/axi_smc/inst/s00_entry_pipeline/s00_si_converter/inst/gen_axilite_conv.axilite_conv_inst/m_aruser                                                                  | SABER_i/axi_smc/inst/s00_entry_pipeline/s00_si_converter/inst/areset                                              |                3 |             11 |         3.67 |
|  SABER_i/processing_system7_0/inst/FCLK_CLK0 | SABER_i/axi_smc/inst/s00_entry_pipeline/s00_transaction_regulator/inst/gen_endpoint.gen_w_singleorder.w_singleorder/gen_id_reg.s_rid_i0                                    |                                                                                                                   |                3 |             12 |         4.00 |
|  SABER_i/processing_system7_0/inst/FCLK_CLK0 | SABER_i/axi_smc/inst/s00_entry_pipeline/s00_mmu/inst/gen_endpoint.decerr_slave_inst/gen_axi.gen_read.s_axi_rid_i[11]_i_1_n_0                                               | SABER_i/axi_smc/inst/s00_entry_pipeline/s00_mmu/inst/areset                                                       |                2 |             12 |         6.00 |
|  SABER_i/processing_system7_0/inst/FCLK_CLK0 | SABER_i/axi_smc/inst/s00_entry_pipeline/s00_mmu/inst/gen_endpoint.decerr_slave_inst/gen_axi.gen_write.s_axi_bid_i[11]_i_1_n_0                                              | SABER_i/axi_smc/inst/s00_entry_pipeline/s00_mmu/inst/areset                                                       |                3 |             12 |         4.00 |
|  SABER_i/processing_system7_0/inst/FCLK_CLK0 | SABER_i/axi_smc/inst/s00_entry_pipeline/s00_transaction_regulator/inst/gen_endpoint.gen_r_singleorder.r_singleorder/gen_id_reg.s_rid_i0                                    |                                                                                                                   |                3 |             12 |         4.00 |
|  SABER_i/processing_system7_0/inst/FCLK_CLK0 |                                                                                                                                                                            | SABER_i/axi_gpio_0/U0/AXI_LITE_IPIF_I/I_SLAVE_ATTACHMENT/SS[0]                                                    |                6 |             21 |         3.50 |
|  SABER_i/processing_system7_0/inst/FCLK_CLK0 |                                                                                                                                                                            | SABER_i/axi_smc/inst/s00_entry_pipeline/s00_si_converter/inst/areset                                              |               11 |             22 |         2.00 |
|  SABER_i/processing_system7_0/inst/FCLK_CLK0 |                                                                                                                                                                            | SABER_i/axi_smc/inst/s00_entry_pipeline/s00_mmu/inst/areset                                                       |               11 |             23 |         2.09 |
|  SABER_i/processing_system7_0/inst/FCLK_CLK0 | SABER_i/axi_smc/inst/s00_entry_pipeline/s00_mmu/inst/aw_reg_stall/skid_buffer[1136]_i_1__0_n_0                                                                             |                                                                                                                   |                7 |             25 |         3.57 |
|  SABER_i/processing_system7_0/inst/FCLK_CLK0 | SABER_i/axi_smc/inst/s00_entry_pipeline/s00_mmu/inst/aw_reg_stall/m_vector_i                                                                                               |                                                                                                                   |                5 |             25 |         5.00 |
|  SABER_i/processing_system7_0/inst/FCLK_CLK0 | SABER_i/axi_smc/inst/s00_entry_pipeline/s00_mmu/inst/ar_reg_stall/m_vector_i                                                                                               |                                                                                                                   |                7 |             29 |         4.14 |
|  SABER_i/processing_system7_0/inst/FCLK_CLK0 | SABER_i/axi_smc/inst/s00_entry_pipeline/s00_mmu/inst/ar_reg_stall/skid_buffer[1136]_i_1_n_0                                                                                |                                                                                                                   |                7 |             29 |         4.14 |
|  SABER_i/processing_system7_0/inst/FCLK_CLK0 | SABER_i/wifi_pack_reg_0/inst/S00_AXI_i/axi_arready0                                                                                                                        | SABER_i/wifi_pack_reg_0/inst/S00_AXI_i/axi_rdata[31]_i_1_n_0                                                      |               14 |             30 |         2.14 |
|  SABER_i/processing_system7_0/inst/FCLK_CLK0 | SABER_i/axi_smc/inst/switchboards/i_nodes/i_r_node/inst/inst_si_handler/gen_si_handler.gen_arbiter_rr_minimal_area.inst_arbiter/s_sc_valid                                 |                                                                                                                   |                8 |             32 |         4.00 |
|  SABER_i/processing_system7_0/inst/FCLK_CLK0 | SABER_i/axi_smc/inst/s00_entry_pipeline/s00_si_converter/inst/gen_axilite_conv.axilite_conv_inst/s_axi_rdata_i[31]_i_1_n_0                                                 | SABER_i/axi_smc/inst/s00_entry_pipeline/s00_si_converter/inst/areset                                              |                7 |             32 |         4.57 |
|  SABER_i/processing_system7_0/inst/FCLK_CLK0 | SABER_i/encryptor_system_0/inst/cipher_reg_0/words[17][31]_i_1_n_0                                                                                                         | SABER_i/encryptor_system_0/inst/fsm_SABER_0/reset_i_0                                                             |               31 |             64 |         2.06 |
|  SABER_i/processing_system7_0/inst/FCLK_CLK0 | SABER_i/encryptor_system_0/inst/data_reg_0/data_reg_valid_o_i_1_n_0                                                                                                        | SABER_i/encryptor_system_0/inst/fsm_SABER_0/AR[0]                                                                 |               11 |             64 |         5.82 |
|  SABER_i/processing_system7_0/inst/FCLK_CLK0 | SABER_i/encryptor_system_0/inst/cipher_reg_0/words[23][31]_i_1_n_0                                                                                                         | SABER_i/encryptor_system_0/inst/fsm_SABER_0/reset_i_0                                                             |               25 |             64 |         2.56 |
|  SABER_i/processing_system7_0/inst/FCLK_CLK0 | SABER_i/encryptor_system_0/inst/ascon_0/U0/enable_cipher_s                                                                                                                 | SABER_i/axi_gpio_0/U0/gpio_core_1/gpio2_io_o[0]                                                                   |               27 |             64 |         2.37 |
|  SABER_i/processing_system7_0/inst/FCLK_CLK0 | SABER_i/encryptor_system_0/inst/cipher_reg_0/words[27][31]_i_1_n_0                                                                                                         | SABER_i/encryptor_system_0/inst/fsm_SABER_0/reset_i_0                                                             |               18 |             64 |         3.56 |
|  SABER_i/processing_system7_0/inst/FCLK_CLK0 | SABER_i/encryptor_system_0/inst/cipher_reg_0/words[43][31]_i_1_n_0                                                                                                         | SABER_i/encryptor_system_0/inst/fsm_SABER_0/reset_i_0                                                             |               26 |             64 |         2.46 |
|  SABER_i/processing_system7_0/inst/FCLK_CLK0 | SABER_i/encryptor_system_0/inst/cipher_reg_0/words[25][31]_i_1_n_0                                                                                                         | SABER_i/encryptor_system_0/inst/fsm_SABER_0/reset_i_0                                                             |               17 |             64 |         3.76 |
|  SABER_i/processing_system7_0/inst/FCLK_CLK0 | SABER_i/encryptor_system_0/inst/cipher_reg_0/words[21][31]_i_1_n_0                                                                                                         | SABER_i/encryptor_system_0/inst/fsm_SABER_0/reset_i_0                                                             |               21 |             64 |         3.05 |
|  SABER_i/processing_system7_0/inst/FCLK_CLK0 | SABER_i/encryptor_system_0/inst/cipher_reg_0/words[31][31]_i_1_n_0                                                                                                         | SABER_i/encryptor_system_0/inst/fsm_SABER_0/reset_i_0                                                             |               17 |             64 |         3.76 |
|  SABER_i/processing_system7_0/inst/FCLK_CLK0 | SABER_i/encryptor_system_0/inst/cipher_reg_0/words[13][31]_i_1_n_0                                                                                                         | SABER_i/encryptor_system_0/inst/fsm_SABER_0/reset_i_0                                                             |               23 |             64 |         2.78 |
|  SABER_i/processing_system7_0/inst/FCLK_CLK0 | SABER_i/encryptor_system_0/inst/cipher_reg_0/words[45][31]_i_1_n_0                                                                                                         | SABER_i/encryptor_system_0/inst/fsm_SABER_0/reset_i_0                                                             |               18 |             64 |         3.56 |
|  SABER_i/processing_system7_0/inst/FCLK_CLK0 | SABER_i/encryptor_system_0/inst/cipher_reg_0/words[19][31]_i_1_n_0                                                                                                         | SABER_i/encryptor_system_0/inst/fsm_SABER_0/reset_i_0                                                             |               21 |             64 |         3.05 |
|  SABER_i/processing_system7_0/inst/FCLK_CLK0 | SABER_i/encryptor_system_0/inst/cipher_reg_0/words[35][31]_i_1_n_0                                                                                                         | SABER_i/encryptor_system_0/inst/fsm_SABER_0/reset_i_0                                                             |               16 |             64 |         4.00 |
|  SABER_i/processing_system7_0/inst/FCLK_CLK0 | SABER_i/encryptor_system_0/inst/cipher_reg_0/words[41][31]_i_1_n_0                                                                                                         | SABER_i/encryptor_system_0/inst/fsm_SABER_0/reset_i_0                                                             |               23 |             64 |         2.78 |
|  SABER_i/processing_system7_0/inst/FCLK_CLK0 | SABER_i/encryptor_system_0/inst/cipher_reg_0/words[7][31]_i_1_n_0                                                                                                          | SABER_i/encryptor_system_0/inst/fsm_SABER_0/reset_i_0                                                             |               18 |             64 |         3.56 |
|  SABER_i/processing_system7_0/inst/FCLK_CLK0 | SABER_i/encryptor_system_0/inst/cipher_reg_0/words[15][31]_i_1_n_0                                                                                                         | SABER_i/encryptor_system_0/inst/fsm_SABER_0/reset_i_0                                                             |               24 |             64 |         2.67 |
|  SABER_i/processing_system7_0/inst/FCLK_CLK0 | SABER_i/encryptor_system_0/inst/cipher_reg_0/words[33][31]_i_1_n_0                                                                                                         | SABER_i/encryptor_system_0/inst/fsm_SABER_0/reset_i_0                                                             |               21 |             64 |         3.05 |
|  SABER_i/processing_system7_0/inst/FCLK_CLK0 | SABER_i/encryptor_system_0/inst/cipher_reg_0/words[1][31]_i_1_n_0                                                                                                          | SABER_i/encryptor_system_0/inst/fsm_SABER_0/reset_i_0                                                             |               15 |             64 |         4.27 |
|  SABER_i/processing_system7_0/inst/FCLK_CLK0 | SABER_i/encryptor_system_0/inst/cipher_reg_0/words[11][31]_i_1_n_0                                                                                                         | SABER_i/encryptor_system_0/inst/fsm_SABER_0/reset_i_0                                                             |               29 |             64 |         2.21 |
|  SABER_i/processing_system7_0/inst/FCLK_CLK0 | SABER_i/encryptor_system_0/inst/cipher_reg_0/words[29][31]_i_1_n_0                                                                                                         | SABER_i/encryptor_system_0/inst/fsm_SABER_0/reset_i_0                                                             |               22 |             64 |         2.91 |
|  SABER_i/processing_system7_0/inst/FCLK_CLK0 | SABER_i/encryptor_system_0/inst/cipher_reg_0/words[5][31]_i_1_n_0                                                                                                          | SABER_i/encryptor_system_0/inst/fsm_SABER_0/reset_i_0                                                             |               20 |             64 |         3.20 |
|  SABER_i/processing_system7_0/inst/FCLK_CLK0 | SABER_i/encryptor_system_0/inst/cipher_reg_0/words[9][31]_i_1_n_0                                                                                                          | SABER_i/encryptor_system_0/inst/fsm_SABER_0/reset_i_0                                                             |               29 |             64 |         2.21 |
|  SABER_i/processing_system7_0/inst/FCLK_CLK0 | SABER_i/encryptor_system_0/inst/cipher_reg_0/words[39][31]_i_1_n_0                                                                                                         | SABER_i/encryptor_system_0/inst/fsm_SABER_0/reset_i_0                                                             |               20 |             64 |         3.20 |
|  SABER_i/processing_system7_0/inst/FCLK_CLK0 | SABER_i/encryptor_system_0/inst/cipher_reg_0/words[3][31]_i_1_n_0                                                                                                          | SABER_i/encryptor_system_0/inst/fsm_SABER_0/reset_i_0                                                             |               14 |             64 |         4.57 |
|  SABER_i/processing_system7_0/inst/FCLK_CLK0 | SABER_i/encryptor_system_0/inst/cipher_reg_0/words[37][31]_i_1_n_0                                                                                                         | SABER_i/encryptor_system_0/inst/fsm_SABER_0/reset_i_0                                                             |               16 |             64 |         4.00 |
|  SABER_i/processing_system7_0/inst/FCLK_CLK0 | SABER_i/encryptor_system_0/inst/fsm_SABER_0/add_o                                                                                                                          | SABER_i/encryptor_system_0/inst/fsm_SABER_0/AR[0]                                                                 |               12 |             67 |         5.58 |
|  SABER_i/processing_system7_0/inst/FCLK_CLK0 |                                                                                                                                                                            | SABER_i/axi_gpio_0/U0/gpio_core_1/gpio2_io_o[0]                                                                   |               20 |             71 |         3.55 |
|  SABER_i/processing_system7_0/inst/FCLK_CLK0 | SABER_i/encryptor_system_0/inst/ascon_0/U0/FSM_onehot_Ep_reg[25]_0[16]                                                                                                     | SABER_i/axi_gpio_0/U0/gpio_core_1/gpio2_io_o[0]                                                                   |               37 |            128 |         3.46 |
|  SABER_i/processing_system7_0/inst/FCLK_CLK0 | SABER_i/encryptor_system_0/inst/fsm_SABER_0/Q[0]                                                                                                                           | SABER_i/encryptor_system_0/inst/fsm_SABER_0/AR[0]                                                                 |               32 |            128 |         4.00 |
|  SABER_i/processing_system7_0/inst/FCLK_CLK0 | SABER_i/encryptor_system_0/inst/cipher_reg_0/words[49][31]_i_1_n_0                                                                                                         | SABER_i/encryptor_system_0/inst/fsm_SABER_0/reset_i_0                                                             |               22 |            129 |         5.86 |
|  SABER_i/processing_system7_0/inst/FCLK_CLK0 | SABER_i/encryptor_system_0/inst/fsm_SABER_0/Q[1]                                                                                                                           | SABER_i/encryptor_system_0/inst/fsm_SABER_0/AR[0]                                                                 |               38 |            129 |         3.39 |
|  SABER_i/processing_system7_0/inst/FCLK_CLK0 | SABER_i/encryptor_system_0/inst/cipher_reg_0/words[55][31]_i_1_n_0                                                                                                         | SABER_i/encryptor_system_0/inst/fsm_SABER_0/reset_i_0                                                             |               29 |            129 |         4.45 |
|  SABER_i/processing_system7_0/inst/FCLK_CLK0 |                                                                                                                                                                            |                                                                                                                   |               54 |            145 |         2.69 |
|  SABER_i/processing_system7_0/inst/FCLK_CLK0 | SABER_i/encryptor_system_0/inst/ascon_0/U0/E[0]                                                                                                                            | SABER_i/axi_gpio_0/U0/gpio_core_1/gpio2_io_o[0]                                                                   |               98 |            320 |         3.27 |
|  SABER_i/processing_system7_0/inst/FCLK_CLK0 | SABER_i/wifi_pack_reg_0/inst/send_rise                                                                                                                                     | SABER_i/wifi_pack_reg_0/inst/S00_AXI_i/p_0_in                                                                     |              384 |           1745 |         4.54 |
+----------------------------------------------+----------------------------------------------------------------------------------------------------------------------------------------------------------------------------+-------------------------------------------------------------------------------------------------------------------+------------------+----------------+--------------+


